Copyright 1986-2021 Xilinx, Inc. All Rights Reserved.
-------------------------------------------------------------------------------------------------
| Tool Version : Vivado v.2021.2 (win64) Build 3367213 Tue Oct 19 02:48:09 MDT 2021
| Date         : Mon Jun  1 23:27:09 2026
| Host         : c011-04 running 64-bit major release  (build 9200)
| Command      : report_control_sets -verbose -file Whack_a_mole_top_lvl_control_sets_placed.rpt
| Design       : Whack_a_mole_top_lvl
| Device       : xc7a35t
-------------------------------------------------------------------------------------------------

Control Set Information

Table of Contents
-----------------
1. Summary
2. Histogram
3. Flip-Flop Distribution
4. Detailed Control Set Information

1. Summary
----------

+----------------------------------------------------------+-------+
|                          Status                          | Count |
+----------------------------------------------------------+-------+
| Total control sets                                       |    13 |
|    Minimum number of control sets                        |    13 |
|    Addition due to synthesis replication                 |     0 |
|    Addition due to physical synthesis replication        |     0 |
| Unused register locations in slices containing registers |    33 |
+----------------------------------------------------------+-------+
* Control sets can be merged at opt_design using control_set_merge or merge_equivalent_drivers
** Run report_qor_suggestions for automated merging and remapping suggestions


2. Histogram
------------

+--------------------+-------+
|       Fanout       | Count |
+--------------------+-------+
| Total control sets |    13 |
| >= 0 to < 4        |     2 |
| >= 4 to < 6        |     0 |
| >= 6 to < 8        |     0 |
| >= 8 to < 10       |     1 |
| >= 10 to < 12      |     1 |
| >= 12 to < 14      |     1 |
| >= 14 to < 16      |     0 |
| >= 16              |     8 |
+--------------------+-------+
* Control sets can be remapped at either synth_design or opt_design


3. Flip-Flop Distribution
-------------------------

+--------------+-----------------------+------------------------+-----------------+--------------+
| Clock Enable | Synchronous Set/Reset | Asynchronous Set/Reset | Total Registers | Total Slices |
+--------------+-----------------------+------------------------+-----------------+--------------+
| No           | No                    | No                     |              32 |           15 |
| No           | No                    | Yes                    |               0 |            0 |
| No           | Yes                   | No                     |              65 |           17 |
| Yes          | No                    | No                     |              22 |            9 |
| Yes          | No                    | Yes                    |               0 |            0 |
| Yes          | Yes                   | No                     |             160 |           40 |
+--------------+-----------------------+------------------------+-----------------+--------------+


4. Detailed Control Set Information
-----------------------------------

+-----------------------------------+-----------------------------+---------------------------------------------+------------------+----------------+--------------+
|            Clock Signal           |        Enable Signal        |               Set/Reset Signal              | Slice Load Count | Bel Load Count | Bels / Slice |
+-----------------------------------+-----------------------------+---------------------------------------------+------------------+----------------+--------------+
|  system_clock_gen/system_clk_port |                             | uut_Joystick/spi_sclk                       |                1 |              1 |         1.00 |
|  clk_ext_port_IBUF_BUFG           | uut_VGA/vlines0             |                                             |                1 |              1 |         1.00 |
|  clk_ext_port_IBUF_BUFG           |                             |                                             |                5 |              9 |         1.80 |
|  system_clock_gen/system_clk_port | uut_Joystick/x_axis_reg     |                                             |                4 |             10 |         2.50 |
|  system_clock_gen/system_clk_port | uut_Joystick/shift_reg      |                                             |                4 |             13 |         3.25 |
|  system_clock_gen/system_clk_port |                             |                                             |               10 |             23 |         2.30 |
|  system_clock_gen/system_clk_port |                             | uut_Joystick/clk_divider_cntr1_carry__3_n_7 |                8 |             32 |         4.00 |
|  system_clock_gen/system_clk_port | uut_Joystick/clk_divider_tc | uut_Joystick/delay_cntr                     |                8 |             32 |         4.00 |
|  system_clock_gen/system_clk_port | uut_Joystick/shift_reg      | uut_Joystick/bit_count                      |                8 |             32 |         4.00 |
|  system_clock_gen/system_clk_port | uut_Joystick/bit_count      | uut_Joystick/shift_cntr                     |                8 |             32 |         4.00 |
|  clk_ext_port_IBUF_BUFG           |                             | uut_VGA/clear                               |                8 |             32 |         4.00 |
|  clk_ext_port_IBUF_BUFG           | uut_VGA/vlines0             | uut_VGA/vlines                              |                8 |             32 |         4.00 |
|  clk_ext_port_IBUF_BUFG           | uut_VGA/PCLK_cntr0          | uut_VGA/PCLK_cntr                           |                8 |             32 |         4.00 |
+-----------------------------------+-----------------------------+---------------------------------------------+------------------+----------------+--------------+


